<?xml version="1.0" encoding="UTF-8"?>
<testng-results ignored="0" total="1" passed="1" failed="0" skipped="0">
  <reporter-output>
  </reporter-output>
  <suite started-at="2024-10-11T23:16:41 IST" name="Default suite" finished-at="2024-10-11T23:16:55 IST" duration-ms="13636">
    <groups>
      <group name="cucumber">
        <method signature="AbstractTestNGCucumberTests.runScenario(io.cucumber.testng.PickleWrapper,io.cucumber.testng.FeatureWrapper)[pri:0, instance:testrunner.myrunner@1caa0244]" name="runScenario" class="io.cucumber.testng.AbstractTestNGCucumberTests"/>
      </group> <!-- cucumber -->
    </groups>
    <test started-at="2024-10-11T23:16:41 IST" name="Default test" finished-at="2024-10-11T23:16:55 IST" duration-ms="13636">
      <class name="testrunner.myrunner">
        <test-method is-config="true" signature="setUpClass(org.testng.ITestContext)[pri:0, instance:testrunner.myrunner@1caa0244]" started-at="2024-10-11T23:16:41 IST" name="setUpClass" finished-at="2024-10-11T23:16:42 IST" duration-ms="1341" status="PASS">
          <params>
            <param index="0">
              <value>
                <![CDATA[org.testng.TestRunner@1894e40d]]>
              </value>
            </param>
          </params>
          <reporter-output>
          </reporter-output>
        </test-method> <!-- setUpClass -->
        <test-method signature="runScenario(io.cucumber.testng.PickleWrapper,io.cucumber.testng.FeatureWrapper)[pri:0, instance:testrunner.myrunner@1caa0244]" started-at="2024-10-11T23:16:42 IST" name="runScenario" description="Runs Cucumber Scenarios" data-provider="scenarios" finished-at="2024-10-11T23:16:55 IST" duration-ms="12159" status="PASS">
          <params>
            <param index="0">
              <value>
                <![CDATA["User needs to register the para bank account"]]>
              </value>
            </param>
            <param index="1">
              <value>
                <![CDATA["Para Bank functionality"]]>
              </value>
            </param>
          </params>
          <reporter-output>
          </reporter-output>
        </test-method> <!-- runScenario -->
        <test-method is-config="true" signature="tearDownClass()[pri:0, instance:testrunner.myrunner@1caa0244]" started-at="2024-10-11T23:16:55 IST" name="tearDownClass" finished-at="2024-10-11T23:16:55 IST" duration-ms="54" status="PASS">
          <reporter-output>
          </reporter-output>
        </test-method> <!-- tearDownClass -->
      </class> <!-- testrunner.myrunner -->
    </test> <!-- Default test -->
  </suite> <!-- Default suite -->
</testng-results>
